<?xml version="1.0" encoding="UTF-8"?>
<!-- Generated by org.testng.reporters.JUnitReportReporter -->
<testsuite hostname="Jithins-MBP" name="screencapture.SampleProgram" tests="1" failures="0" timestamp="1 Jun 2016 09:49:55 GMT" time="6.021" errors="0">
  <testcase name="test_screen_capture_function" time="6.021" classname="screencapture.SampleProgram"/>
</testsuite> <!-- screencapture.SampleProgram -->
