<?xml version="1.0" encoding="UTF-8"?>
<!-- Generated by org.testng.reporters.JUnitReportReporter -->
<testsuite hostname="Jithins-MBP" name="google.OpenBrowser" tests="1" failures="0" timestamp="30 May 2016 09:49:40 GMT" time="3.666" errors="0">
  <testcase name="assertgoogle" time="3.666" classname="google.OpenBrowser"/>
</testsuite> <!-- google.OpenBrowser -->
