<?xml version="1.0" encoding="UTF-8"?>
<!-- Generated by org.testng.reporters.JUnitReportReporter -->
<testsuite hostname="Jithins-MBP" name="google.OpenBrowser" tests="1" failures="0" timestamp="31 May 2016 10:54:05 GMT" time="4.105" errors="0">
  <testcase name="assertgoogle" time="4.105" classname="google.OpenBrowser"/>
</testsuite> <!-- google.OpenBrowser -->
